<?xml version="1.0" encoding="UTF-8"?>
<!-- Generated by org.testng.reporters.JUnitXMLReporter -->
<testsuite ignored="0" hostname="Sahil-PC" failures="1" tests="1" name="chrometest" time="30.873" errors="0" timestamp="2026-09-02T15:56:40 IST">
  <testcase classname="testBase.BaseClass" name="@AfterClass tearDown" time="0.419">
    <failure type="org.openqa.selenium.WebDriverException" message="Unable to execute request for an existing session: Failed to execute request (DELETE http://localhost:38955/session/8f6ece70a9fed399a5a8854a25afde35)
Build info: version: &amp;apos;4.48.0&amp;apos;, revision: &amp;apos;27f5213 27f5213055e28398a5105b7892b7a3bb2012a6ef&amp;apos;
System info: os.name: &amp;apos;Windows 10&amp;apos;, os.arch: &amp;apos;amd64&amp;apos;, os.version: &amp;apos;10.0&amp;apos;, java.version: &amp;apos;17.0.1&amp;apos;
Driver info: org.openqa.selenium.remote.RemoteWebDriver
Command: [8f6ece70a9fed399a5a8854a25afde35, quit {}]
Capabilities {acceptInsecureCerts: false, browserName: MicrosoftEdge, browserVersion: 152.0.4191.53, fedcm:accounts: true, goog:processID: 3468, ms:edgeOptions: {debuggerAddress: localhost:60539}, msedge: {msedgedriverVersion: 152.0.4191.53 (4ee8983fdce2..., userDataDir: C:\Users\SAHILG~1\AppData\L...}, networkConnectionEnabled: false, pageLoadStrategy: normal, platformName: Windows 11, proxy: Proxy(), se:bidiEnabled: false, se:cdp: ws://192.168.29.34:4444/ses..., se:cdpVersion: 152.0.4191.53, setWindowRect: true, strictFileInteractability: false, timeouts: {implicit: 0, pageLoad: 300000, script: 30000}, unhandledPromptBehavior: dismiss and notify, webauthn:extension:credBlob: true, webauthn:extension:largeBlob: true, webauthn:extension:minPinLength: true, webauthn:extension:prf: true, webauthn:virtualAuthenticators: true}
Session ID: 8f6ece70a9fed399a5a8854a25afde35">
      <![CDATA[org.openqa.selenium.WebDriverException: Unable to execute request for an existing session: Failed to execute request (DELETE http://localhost:38955/session/8f6ece70a9fed399a5a8854a25afde35)
Build info: version: '4.48.0', revision: '27f5213 27f5213055e28398a5105b7892b7a3bb2012a6ef'
System info: os.name: 'Windows 10', os.arch: 'amd64', os.version: '10.0', java.version: '17.0.1'
Driver info: org.openqa.selenium.remote.RemoteWebDriver
Command: [8f6ece70a9fed399a5a8854a25afde35, quit {}]
Capabilities {acceptInsecureCerts: false, browserName: MicrosoftEdge, browserVersion: 152.0.4191.53, fedcm:accounts: true, goog:processID: 3468, ms:edgeOptions: {debuggerAddress: localhost:60539}, msedge: {msedgedriverVersion: 152.0.4191.53 (4ee8983fdce2..., userDataDir: C:\Users\SAHILG~1\AppData\L...}, networkConnectionEnabled: false, pageLoadStrategy: normal, platformName: Windows 11, proxy: Proxy(), se:bidiEnabled: false, se:cdp: ws://192.168.29.34:4444/ses..., se:cdpVersion: 152.0.4191.53, setWindowRect: true, strictFileInteractability: false, timeouts: {implicit: 0, pageLoad: 300000, script: 30000}, unhandledPromptBehavior: dismiss and notify, webauthn:extension:credBlob: true, webauthn:extension:largeBlob: true, webauthn:extension:minPinLength: true, webauthn:extension:prf: true, webauthn:virtualAuthenticators: true}
Session ID: 8f6ece70a9fed399a5a8854a25afde35
at org.openqa.selenium.remote.ErrorCodec.decode(ErrorCodec.java:169)
at org.openqa.selenium.remote.codec.w3c.W3CHttpResponseCodec.decode(W3CHttpResponseCodec.java:143)
at org.openqa.selenium.remote.codec.w3c.W3CHttpResponseCodec.decode(W3CHttpResponseCodec.java:50)
at org.openqa.selenium.remote.HttpCommandExecutor.execute(HttpCommandExecutor.java:196)
at org.openqa.selenium.remote.TracedCommandExecutor.execute(TracedCommandExecutor.java:51)
at org.openqa.selenium.remote.RemoteWebDriver.execute(RemoteWebDriver.java:653)
at org.openqa.selenium.remote.RemoteWebDriver.execute(RemoteWebDriver.java:735)
at org.openqa.selenium.remote.RemoteWebDriver.execute(RemoteWebDriver.java:739)
at org.openqa.selenium.remote.RemoteWebDriver.quit(RemoteWebDriver.java:552)
at testBase.BaseClass.tearDown(BaseClass.java:93)
at java.base/java.util.ArrayList.forEach(ArrayList.java:1511)
at java.base/java.util.concurrent.FutureTask.run(FutureTask.java:264)
at java.base/java.util.concurrent.ThreadPoolExecutor.runWorker(ThreadPoolExecutor.java:1136)
at java.base/java.util.concurrent.ThreadPoolExecutor$Worker.run(ThreadPoolExecutor.java:635)
at java.base/java.lang.Thread.run(Thread.java:833)
... Removed 16 stack frames]]>
    </failure>
  </testcase> <!-- @AfterClass tearDown -->
  <testcase classname="testCases.TC001_AccountRegistrationTest" name="verify_account_registration" time="21.222">
    <failure type="java.lang.AssertionError" message="null">
      <![CDATA[java.lang.AssertionError: null
at testCases.TC001_AccountRegistrationTest.verify_account_registration(TC001_AccountRegistrationTest.java:51)
at java.base/java.util.ArrayList.forEach(ArrayList.java:1511)
at java.base/java.util.concurrent.FutureTask.run(FutureTask.java:264)
at java.base/java.util.concurrent.ThreadPoolExecutor.runWorker(ThreadPoolExecutor.java:1136)
at java.base/java.util.concurrent.ThreadPoolExecutor$Worker.run(ThreadPoolExecutor.java:635)
at java.base/java.lang.Thread.run(Thread.java:833)
... Removed 20 stack frames]]>
    </failure>
  </testcase> <!-- verify_account_registration -->
</testsuite> <!-- chrometest -->
